#
# An unexpected error has been detected by Java Runtime Environment:
#
#  EXCEPTION_ACCESS_VIOLATION (0xc0000005) at pc=0x6d98a321, pid=12432, tid=16892
#
# Java VM: Java HotSpot(TM) Client VM (1.6.0_01-b06 mixed mode)
# Problematic frame:
# V  [jvm.dll+0x11a321]
#
# If you would like to submit a bug report, please visit:
#   http://java.sun.com/webapps/bugreport/crash.jsp
#

---------------  T H R E A D  ---------------

Current thread (0x0bd07800):  JavaThread "http-8088-5" daemon [_thread_in_vm, id=16892]

siginfo: ExceptionCode=0xc0000005, reading address 0x322e6580

Registers:
EAX=0x0c08f884, EBX=0x0bd51a8c, ECX=0x322e656c, EDX=0x0bd51b04
ESP=0x0c08f858, EBP=0x0bd07800, ESI=0x07f17a18, EDI=0x00000085
EIP=0x6d98a321, EFLAGS=0x00010283

Top of Stack: (sp=0x0c08f858)
0x0c08f858:   07f17700 0bd07800 0bd51a70 ffffffff
0x0c08f868:   0b057818 0bd07800 0bd51a88 07f17a18
0x0c08f878:   0bd07800 003f5b20 00000000 0bd51b04
0x0c08f888:   0bd3cb70 0bd51b00 0bd07800 0bd078e8
0x0c08f898:   00000001 0b9fa9a0 0bd63b5c 00002000
0x0c08f8a8:   00000000 00000000 0b9fa9a4 00000485
0x0c08f8b8:   0bd07800 0bd5afe8 0bd51a50 0bd51a88
0x0c08f8c8:   0bd51e44 0c08fc7c 00000000 00000000 

Instructions: (pc=0x6d98a321)
0x6d98a311:   8d 4c 24 30 e8 36 bb f3 ff 8b 4e 0c 8b 54 24 2c
0x6d98a321:   8b 41 14 52 51 8b cc 50 e8 22 bb f3 ff e8 2d 2c 


Stack: [0x0c040000,0x0c090000),  sp=0x0c08f858,  free space=318k
Native frames: (J=compiled Java code, j=interpreted, Vv=VM code, C=native code)
V  [jvm.dll+0x11a321]

Java frames: (J=compiled Java code, j=interpreted, Vv=VM code)
j  java.net.SocketInputStream.socketRead0(Ljava/io/FileDescriptor;[BIII)I+0
j  java.net.SocketInputStream.read([BII)I+84
j  org.apache.coyote.http11.InternalInputBuffer.fill()Z+59
j  org.apache.coyote.http11.InternalInputBuffer.parseRequestLine()V+16
j  org.apache.coyote.http11.Http11Processor.process(Ljava/net/Socket;)V+258
j  org.apache.coyote.http11.Http11Protocol$Http11ConnectionHandler.process(Ljava/net/Socket;)Z+82
j  org.apache.tomcat.util.net.JIoEndpoint$Worker.run()V+41
j  java.lang.Thread.run()V+11
v  ~StubRoutines::call_stub

---------------  P R O C E S S  ---------------

Java Threads: ( => current thread )
  0x0b056800 JavaThread "http-8088-6" daemon [_thread_in_vm, id=17428]
=>0x0bd07800 JavaThread "http-8088-5" daemon [_thread_in_vm, id=16892]
  0x0bd5a400 JavaThread "http-8088-4" daemon [_thread_in_vm, id=5804]
  0x0bd5a800 JavaThread "http-8088-3" daemon [_thread_in_vm, id=17320]
  0x0bd01c00 JavaThread "http-8088-2" daemon [_thread_in_native, id=17396]
  0x0bd01400 JavaThread "http-8088-1" daemon [_thread_in_vm, id=15788]
  0x0bd2b400 JavaThread "http-8088-Acceptor-0" daemon [_thread_in_native, id=17540]
  0x0bce6400 JavaThread "ContainerBackgroundProcessor[StandardEngine[localEngine-8088]]" daemon [_thread_blocked, id=11196]
  0x0b16c000 JavaThread "Abandoned connection cleanup thread" daemon [_thread_blocked, id=13928]
  0x0ab0e800 JavaThread "Low Memory Detector" daemon [_thread_blocked, id=16404]
  0x0ab0cc00 JavaThread "CompilerThread0" daemon [_thread_blocked, id=16816]
  0x0ab0b000 JavaThread "JDWP Command Reader" daemon [_thread_in_native, id=14780]
  0x0ab09c00 JavaThread "JDWP Event Helper Thread" daemon [_thread_blocked, id=17944]
  0x0ab07800 JavaThread "JDWP Transport Listener: dt_socket" daemon [_thread_blocked, id=18148]
  0x0ab26400 JavaThread "Attach Listener" daemon [_thread_blocked, id=8032]
  0x0ab25400 JavaThread "Signal Dispatcher" daemon [_thread_blocked, id=7188]
  0x0aae8000 JavaThread "Finalizer" daemon [_thread_blocked, id=7488]
  0x0aae3c00 JavaThread "Reference Handler" daemon [_thread_blocked, id=7260]
  0x003f7400 JavaThread "main" [_thread_blocked, id=2896]

Other Threads:
  0x0aae0800 VMThread [id=8124]
  0x0ab10c00 WatcherThread [id=16752]

VM state:not at safepoint (normal execution)

VM Mutex/Monitor currently owned by a thread: None

Heap
 def new generation   total 1728K, used 0K [0x029d0000, 0x02ba0000, 0x02eb0000)
  eden space 1600K,   0% used [0x029d0000, 0x029d0000, 0x02b60000)
  from space 128K,   0% used [0x02b80000, 0x02b80000, 0x02ba0000)
  to   space 128K,   0% used [0x02b60000, 0x02b60000, 0x02b80000)
 tenured generation   total 22064K, used 13035K [0x02eb0000, 0x0443c000, 0x069d0000)
   the space 22064K,  59% used [0x02eb0000, 0x03b6afe8, 0x03b6b000, 0x0443c000)
 compacting perm gen  total 30464K, used 30309K [0x069d0000, 0x08790000, 0x0a9d0000)
   the space 30464K,  99% used [0x069d0000, 0x087695e8, 0x08769600, 0x08790000)
No shared spaces configured.

Dynamic libraries:
0x00400000 - 0x00423000 	C:\Program Files\Java\jdk1.6.0_01\bin\javaw.exe
0x7c920000 - 0x7c9b6000 	C:\WINDOWS\system32\ntdll.dll
0x7c800000 - 0x7c91e000 	C:\WINDOWS\system32\kernel32.dll
0x77da0000 - 0x77e49000 	C:\WINDOWS\system32\ADVAPI32.dll
0x77e50000 - 0x77ee3000 	C:\WINDOWS\system32\RPCRT4.dll
0x77fc0000 - 0x77fd1000 	C:\WINDOWS\system32\Secur32.dll
0x77d10000 - 0x77da0000 	C:\WINDOWS\system32\USER32.dll
0x77ef0000 - 0x77f39000 	C:\WINDOWS\system32\GDI32.dll
0x76300000 - 0x7631d000 	C:\WINDOWS\system32\IMM32.DLL
0x62c20000 - 0x62c29000 	C:\WINDOWS\system32\LPK.DLL
0x73fa0000 - 0x7400b000 	C:\WINDOWS\system32\USP10.dll
0x7c340000 - 0x7c396000 	C:\Program Files\Java\jdk1.6.0_01\jre\bin\msvcr71.dll
0x6d870000 - 0x6dab7000 	C:\Program Files\Java\jdk1.6.0_01\jre\bin\client\jvm.dll
0x76b10000 - 0x76b3a000 	C:\WINDOWS\system32\WINMM.dll
0x6d3c0000 - 0x6d3c8000 	C:\Program Files\Java\jdk1.6.0_01\jre\bin\hpi.dll
0x76bc0000 - 0x76bcb000 	C:\WINDOWS\system32\PSAPI.DLL
0x6d4b0000 - 0x6d4d9000 	C:\Program Files\Java\jdk1.6.0_01\jre\bin\jdwp.dll
0x6d770000 - 0x6d776000 	C:\Program Files\Java\jdk1.6.0_01\jre\bin\npt.dll
0x6d820000 - 0x6d82c000 	C:\Program Files\Java\jdk1.6.0_01\jre\bin\verify.dll
0x6d460000 - 0x6d47f000 	C:\Program Files\Java\jdk1.6.0_01\jre\bin\java.dll
0x6d860000 - 0x6d86f000 	C:\Program Files\Java\jdk1.6.0_01\jre\bin\zip.dll
0x6d330000 - 0x6d337000 	C:\Program Files\Java\jdk1.6.0_01\jre\bin\dt_socket.dll
0x71a20000 - 0x71a37000 	C:\WINDOWS\system32\WS2_32.dll
0x77be0000 - 0x77c38000 	C:\WINDOWS\system32\msvcrt.dll
0x71a10000 - 0x71a18000 	C:\WINDOWS\system32\WS2HELP.dll
0x719c0000 - 0x719fe000 	C:\WINDOWS\System32\mswsock.dll
0x76ef0000 - 0x76f17000 	C:\WINDOWS\system32\DNSAPI.dll
0x76d30000 - 0x76d48000 	C:\WINDOWS\system32\iphlpapi.dll
0x76f80000 - 0x76f88000 	C:\WINDOWS\System32\winrnr.dll
0x76f30000 - 0x76f5c000 	C:\WINDOWS\system32\WLDAP32.dll
0x76f90000 - 0x76f96000 	C:\WINDOWS\system32\rasadhlp.dll
0x10000000 - 0x10046000 	D:\Program Files\YouKu\YoukuClient\ikutm.dll
0x76990000 - 0x76ace000 	C:\WINDOWS\system32\ole32.dll
0x60fd0000 - 0x61025000 	C:\WINDOWS\system32\hnetcfg.dll
0x71a00000 - 0x71a08000 	C:\WINDOWS\System32\wshtcpip.dll
0x76d70000 - 0x76d92000 	C:\WINDOWS\system32\Apphelp.dll
0x77bd0000 - 0x77bd8000 	C:\WINDOWS\system32\VERSION.dll
0x6d620000 - 0x6d633000 	C:\Program Files\Java\jdk1.6.0_01\jre\bin\net.dll
0x6d640000 - 0x6d649000 	C:\Program Files\Java\jdk1.6.0_01\jre\bin\nio.dll
0x6d610000 - 0x6d619000 	C:\Program Files\Java\jdk1.6.0_01\jre\bin\management.dll

VM Arguments:
jvm_args: -agentlib:jdwp=transport=dt_socket,suspend=y,address=localhost:2383 -Dmaven.home=D:\foss\utils\apache-maven-3.0.4 -Dclassworlds.conf=E:\DPAP\workspaces\.metadata\.plugins\org.eclipse.m2e.core\launches\m2conf199902240832904501.tmp -Dfile.encoding=UTF-8
java_command: org.codehaus.plexus.classworlds.launcher.Launcher -B -s D:\foss\utils\apache-maven-3.0.4\conf\settings.xml clean tomcat6:run
Launcher Type: SUN_STANDARD

Environment Variables:
JAVA_HOME=C:\Program Files\Java\jdk1.6.0_01
CLASSPATH=C:\Program Files\Java\jdk1.6.0_01\lib;C:\Program Files\Java\jdk1.6.0_01\lib\tools.jar;D:\foss\utils\apache-ant-1.8.2\lib\ant-contrib-1.0b3.jar;D:\foss\utils\apache-cxf-2.3.11/lib;D:\Program Files\IBM\WebSphere MQ\java\lib\com.ibm.mqjms.jar;D:\Program Files\IBM\WebSphere MQ\java\lib\com.ibm.mq.jar
PATH=C:\Program Files\Java\jdk1.6.0_01\jre\bin;C:/Program Files/Java/jre7/bin/client;C:/Program Files/Java/jre7/bin;C:/Program Files/Java/jre7/lib/i386;d:\Program Files\HaoZip;D:\Program Files\IBM\WebSphere MQ\java\lib;C:\Program Files\Common Files\NetSarang;C:\Program Files\Java\jdk1.6.0_01\jre\lib;D:\foss\utils\apache-ant-1.8.2\bin;D:\oracle\product\10.2.0\client_1\bin;C:\WINDOWS\system32;C:\WINDOWS;C:\WINDOWS\System32\Wbem;C:\Program Files\Common Files\Thunder Network\KanKan\Codecs;C:\Program Files\TortoiseSVN\bin;d:\Program Files\Rational\common;D:\foss\utils\apache-cxf-2.3.11/bin;c:\Program Files\Common Files\Ulead Systems\MPEG;D:\Program Files\IBM\WebSphere MQ\bin;D:\Program Files\IBM\WebSphere MQ\tools\c\samples\bin;;C:\Program Files\Java\jdk1.6.0_01\bin;D:\foss\utils\apache-maven-3.0.4\bin;C:\Program Files\MySQL\MySQL Server 5.1\bin;E:\DPAP\eclipse3.7.1;
USERNAME=afei
OS=Windows_NT
PROCESSOR_IDENTIFIER=x86 Family 6 Model 23 Stepping 10, GenuineIntel



---------------  S Y S T E M  ---------------

OS: Windows XP Build 2600 Service Pack 3

CPU:total 4 family 6, cmov, cx8, fxsr, mmx, sse, sse2

Memory: 4k page, physical 2097151k(666612k free), swap 4194303k(1649748k free)

vm_info: Java HotSpot(TM) Client VM (1.6.0_01-b06) for windows-x86, built on Mar 14 2007 00:24:02 by "java_re" with unknown MS VC++:1310

